[2020-09-26 22:32:59,823] multiqc                                            [DEBUG  ]  No MultiQC config found: /usr/local/lib/python3.8/dist-packages/multiqc_config.yaml
[2020-09-26 22:32:59,823] multiqc                                            [DEBUG  ]  No MultiQC config found: /home/jake/.multiqc_config.yaml
[2020-09-26 22:32:59,826] multiqc                                            [DEBUG  ]  Loading config settings from: multiqc_config.yaml
[2020-09-26 22:32:59,827] multiqc                                            [DEBUG  ]  New config 'report_comment': This report has been generated by the <a href="https://github.com/nf-core/slamseq" target="_blank">nf-core/slamseq</a> analysis pipeline. For information about how to interpret these results, please see the <a href="https://github.com/nf-core/slamseq" target="_blank">documentation</a>.

[2020-09-26 22:32:59,827] multiqc                                            [DEBUG  ]  New config 'report_section_order': {'software_versions': {'order': -1000}, 'nf-core-slamseq-summary': {'order': -1001}}
[2020-09-26 22:32:59,827] multiqc                                            [DEBUG  ]  New config 'export_plots': True
[2020-09-26 22:32:59,827] multiqc                                            [DEBUG  ]  Command used: /home/jake/.local/bin/multiqc -m fastqc -m cutadapt -m slamdunk -f .
[2020-09-26 22:33:00,596] multiqc                                            [DEBUG  ]  Latest MultiQC version is v1.9
[2020-09-26 22:33:00,596] multiqc                                            [INFO   ]  This is MultiQC v1.9
[2020-09-26 22:33:00,596] multiqc                                            [DEBUG  ]  Command     : /home/jake/.local/bin/multiqc -m fastqc -m cutadapt -m slamdunk -f .
[2020-09-26 22:33:00,596] multiqc                                            [DEBUG  ]  Working dir : /mnt/a/Bachelors_data/RTS0_analysis/Nextflow/work/3b/80e02942ff4bb2689f203e76738778
[2020-09-26 22:33:00,596] multiqc                                            [INFO   ]  Template    : default
[2020-09-26 22:33:00,596] multiqc                                            [DEBUG  ]  Running Python 3.8.2 (default, Jul 16 2020, 14:00:26)  [GCC 9.3.0]
[2020-09-26 22:33:00,596] multiqc                                            [INFO   ]  Searching   : /mnt/a/Bachelors_data/RTS0_analysis/Nextflow/work/3b/80e02942ff4bb2689f203e76738778
[2020-09-26 22:33:00,597] multiqc                                            [INFO   ]  Only using modules fastqc, cutadapt, slamdunk
[2020-09-26 22:33:00,597] multiqc                                            [DEBUG  ]  Analysing modules: slamdunk, cutadapt, fastqc
[2020-09-26 22:33:00,597] multiqc                                            [DEBUG  ]  Using temporary directory for creating report: /tmp/tmpmg65aq2v
[2020-09-26 22:33:00,648] multiqc                                            [DEBUG  ]  Ignored 224 search patterns as didn't match running modules.
[2020-09-26 22:33:05,668] multiqc.plots.bargraph                             [DEBUG  ]  Using matplotlib version 3.3.1
[2020-09-26 22:33:05,669] multiqc.plots.linegraph                            [DEBUG  ]  Using matplotlib version 3.3.1
[2020-09-26 22:33:05,689] multiqc.modules.slamdunk.slamdunk                  [DEBUG  ]  Found 12 summary reports
[2020-09-26 22:33:05,690] multiqc.modules.slamdunk.slamdunk                  [INFO   ]  Found 12 reports
[2020-09-26 22:33:05,762] multiqc.modules.cutadapt.cutadapt                  [INFO   ]  Found 12 reports
[2020-09-26 22:33:10,152] multiqc.modules.fastqc.fastqc                      [INFO   ]  Found 12 reports
[2020-09-26 22:33:18,554] multiqc                                            [DEBUG  ]  Reordering sections: anchor 'software_versions' not found.
[2020-09-26 22:33:18,554] multiqc                                            [DEBUG  ]  Reordering sections: anchor 'nf-core-slamseq-summary' not found.
[2020-09-26 22:33:18,554] multiqc                                            [DEBUG  ]  Reordering sections: anchor 'software_versions' not found for module 'Slamdunk'.
[2020-09-26 22:33:18,554] multiqc                                            [DEBUG  ]  Reordering sections: anchor 'nf-core-slamseq-summary' not found for module 'Slamdunk'.
[2020-09-26 22:33:18,554] multiqc                                            [DEBUG  ]  Reordering sections: anchor 'software_versions' not found for module 'Cutadapt'.
[2020-09-26 22:33:18,554] multiqc                                            [DEBUG  ]  Reordering sections: anchor 'nf-core-slamseq-summary' not found for module 'Cutadapt'.
[2020-09-26 22:33:18,554] multiqc                                            [DEBUG  ]  Reordering sections: anchor 'software_versions' not found for module 'FastQC'.
[2020-09-26 22:33:18,554] multiqc                                            [DEBUG  ]  Reordering sections: anchor 'nf-core-slamseq-summary' not found for module 'FastQC'.
[2020-09-26 22:33:18,578] multiqc                                            [INFO   ]  Compressing plot data
[2020-09-26 22:33:18,791] multiqc                                            [INFO   ]  Report      : multiqc_report.html
[2020-09-26 22:33:18,791] multiqc                                            [INFO   ]  Data        : multiqc_data
[2020-09-26 22:33:18,791] multiqc                                            [DEBUG  ]  Moving data file from '/tmp/tmpmg65aq2v/multiqc_data' to '/mnt/a/Bachelors_data/RTS0_analysis/Nextflow/work/3b/80e02942ff4bb2689f203e76738778/multiqc_data'
[2020-09-26 22:33:19,036] multiqc                                            [INFO   ]  Plots       : multiqc_plots
[2020-09-26 22:33:19,036] multiqc                                            [DEBUG  ]  Moving plots directory from '/tmp/tmpmg65aq2v/multiqc_plots' to '/mnt/a/Bachelors_data/RTS0_analysis/Nextflow/work/3b/80e02942ff4bb2689f203e76738778/multiqc_plots'
[2020-09-26 22:33:20,138] multiqc                                            [INFO   ]  MultiQC complete
