[2020-12-04 06:37:49,659] multiqc                                            [DEBUG  ]  No MultiQC config found: /usr/local/lib/python3.8/dist-packages/multiqc_config.yaml
[2020-12-04 06:37:49,659] multiqc                                            [DEBUG  ]  No MultiQC config found: /home/jake/.multiqc_config.yaml
[2020-12-04 06:37:49,661] multiqc                                            [DEBUG  ]  Loading config settings from: multiqc_config.yaml
[2020-12-04 06:37:49,662] multiqc                                            [DEBUG  ]  New config 'report_comment': This report has been generated by the <a href="https://github.com/nf-core/slamseq" target="_blank">nf-core/slamseq</a> analysis pipeline. For information about how to interpret these results, please see the <a href="https://github.com/nf-core/slamseq" target="_blank">documentation</a>.

[2020-12-04 06:37:49,662] multiqc                                            [DEBUG  ]  New config 'report_section_order': {'software_versions': {'order': -1000}, 'nf-core-slamseq-summary': {'order': -1001}}
[2020-12-04 06:37:49,662] multiqc                                            [DEBUG  ]  New config 'export_plots': True
[2020-12-04 06:37:49,662] multiqc                                            [DEBUG  ]  Command used: /home/jake/.local/bin/multiqc -m fastqc -m cutadapt -m slamdunk -f .
[2020-12-04 06:37:50,152] multiqc                                            [DEBUG  ]  Latest MultiQC version is v1.9
[2020-12-04 06:37:50,152] multiqc                                            [INFO   ]  This is MultiQC v1.9
[2020-12-04 06:37:50,152] multiqc                                            [DEBUG  ]  Command     : /home/jake/.local/bin/multiqc -m fastqc -m cutadapt -m slamdunk -f .
[2020-12-04 06:37:50,152] multiqc                                            [DEBUG  ]  Working dir : /mnt/s/Bachelors_data/work/e2/c67349a8eb7441177c12a7a733e02a
[2020-12-04 06:37:50,152] multiqc                                            [INFO   ]  Template    : default
[2020-12-04 06:37:50,152] multiqc                                            [DEBUG  ]  Running Python 3.8.5 (default, Jul 28 2020, 12:59:40)  [GCC 9.3.0]
[2020-12-04 06:37:50,152] multiqc                                            [INFO   ]  Searching   : /mnt/s/Bachelors_data/work/e2/c67349a8eb7441177c12a7a733e02a
[2020-12-04 06:37:50,153] multiqc                                            [INFO   ]  Only using modules fastqc, cutadapt, slamdunk
[2020-12-04 06:37:50,153] multiqc                                            [DEBUG  ]  Analysing modules: slamdunk, cutadapt, fastqc
[2020-12-04 06:37:50,153] multiqc                                            [DEBUG  ]  Using temporary directory for creating report: /tmp/tmpju_xpzfa
[2020-12-04 06:37:50,191] multiqc                                            [DEBUG  ]  Ignored 224 search patterns as didn't match running modules.
[2020-12-04 06:37:52,695] multiqc.plots.bargraph                             [DEBUG  ]  Using matplotlib version 3.3.1
[2020-12-04 06:37:52,695] multiqc.plots.linegraph                            [DEBUG  ]  Using matplotlib version 3.3.1
[2020-12-04 06:37:52,713] multiqc.modules.slamdunk.slamdunk                  [DEBUG  ]  Found 11 summary reports
[2020-12-04 06:37:52,717] multiqc.modules.slamdunk.slamdunk                  [DEBUG  ]  Found 11 PCA plots
[2020-12-04 06:37:53,782] multiqc.modules.slamdunk.slamdunk                  [DEBUG  ]  Found 11 UTR rate reports
[2020-12-04 06:37:55,795] multiqc.modules.slamdunk.slamdunk                  [DEBUG  ]  Found 11 read rate reports
[2020-12-04 06:37:59,395] multiqc.modules.slamdunk.slamdunk                  [DEBUG  ]  Found 11 TCP error read rate reports
[2020-12-04 06:38:02,950] multiqc.modules.slamdunk.slamdunk                  [DEBUG  ]  Found 11 non TCP error read rate reports
[2020-12-04 06:38:02,950] multiqc.modules.slamdunk.slamdunk                  [INFO   ]  Found 11 reports
[2020-12-04 06:38:03,005] multiqc.modules.cutadapt.cutadapt                  [INFO   ]  Found 11 reports
[2020-12-04 06:38:06,027] multiqc.modules.fastqc.fastqc                      [INFO   ]  Found 11 reports
[2020-12-04 06:38:13,267] multiqc                                            [DEBUG  ]  Reordering sections: anchor 'software_versions' not found.
[2020-12-04 06:38:13,267] multiqc                                            [DEBUG  ]  Reordering sections: anchor 'nf-core-slamseq-summary' not found.
[2020-12-04 06:38:13,267] multiqc                                            [DEBUG  ]  Reordering sections: anchor 'software_versions' not found for module 'Slamdunk'.
[2020-12-04 06:38:13,267] multiqc                                            [DEBUG  ]  Reordering sections: anchor 'nf-core-slamseq-summary' not found for module 'Slamdunk'.
[2020-12-04 06:38:13,267] multiqc                                            [DEBUG  ]  Reordering sections: anchor 'software_versions' not found for module 'Cutadapt'.
[2020-12-04 06:38:13,267] multiqc                                            [DEBUG  ]  Reordering sections: anchor 'nf-core-slamseq-summary' not found for module 'Cutadapt'.
[2020-12-04 06:38:13,267] multiqc                                            [DEBUG  ]  Reordering sections: anchor 'software_versions' not found for module 'FastQC'.
[2020-12-04 06:38:13,267] multiqc                                            [DEBUG  ]  Reordering sections: anchor 'nf-core-slamseq-summary' not found for module 'FastQC'.
[2020-12-04 06:38:13,288] multiqc                                            [INFO   ]  Compressing plot data
[2020-12-04 06:38:14,102] multiqc                                            [INFO   ]  Report      : multiqc_report.html
[2020-12-04 06:38:14,103] multiqc                                            [INFO   ]  Data        : multiqc_data
[2020-12-04 06:38:14,103] multiqc                                            [DEBUG  ]  Moving data file from '/tmp/tmpju_xpzfa/multiqc_data' to '/mnt/s/Bachelors_data/work/e2/c67349a8eb7441177c12a7a733e02a/multiqc_data'
[2020-12-04 06:38:14,647] multiqc                                            [INFO   ]  Plots       : multiqc_plots
[2020-12-04 06:38:14,647] multiqc                                            [DEBUG  ]  Moving plots directory from '/tmp/tmpju_xpzfa/multiqc_plots' to '/mnt/s/Bachelors_data/work/e2/c67349a8eb7441177c12a7a733e02a/multiqc_plots'
[2020-12-04 06:38:16,098] multiqc                                            [INFO   ]  MultiQC complete
