[2020-10-05 08:47:24,446] multiqc                                            [DEBUG  ]  No MultiQC config found: /domus/h1/hyperty/miniconda3/envs/nf-core-slamseq-1.0.0/lib/python3.7/site-packages/multiqc_config.yaml
[2020-10-05 08:47:24,446] multiqc                                            [DEBUG  ]  No MultiQC config found: /home/hyperty/.multiqc_config.yaml
[2020-10-05 08:47:24,449] multiqc                                            [DEBUG  ]  Loading config settings from: multiqc_config.yaml
[2020-10-05 08:47:24,449] multiqc                                            [DEBUG  ]  New config 'report_comment': This report has been generated by the <a href="https://github.com/nf-core/slamseq" target="_blank">nf-core/slamseq</a> analysis pipeline. For information about how to interpret these results, please see the <a href="https://github.com/nf-core/slamseq" target="_blank">documentation</a>.

[2020-10-05 08:47:24,449] multiqc                                            [DEBUG  ]  New config 'report_section_order': {'software_versions': {'order': -1000}, 'nf-core-slamseq-summary': {'order': -1001}}
[2020-10-05 08:47:24,449] multiqc                                            [DEBUG  ]  New config 'export_plots': True
[2020-10-05 08:47:24,449] multiqc                                            [DEBUG  ]  Command used: /home/hyperty/miniconda3/envs/nf-core-slamseq-1.0.0/bin/multiqc -m fastqc -m cutadapt -m slamdunk -f .
[2020-10-05 08:47:25,911] multiqc                                            [WARNING]  MultiQC Version v1.9 now available!
[2020-10-05 08:47:25,912] multiqc                                            [INFO   ]  This is MultiQC v1.8
[2020-10-05 08:47:25,912] multiqc                                            [DEBUG  ]  Command     : /home/hyperty/miniconda3/envs/nf-core-slamseq-1.0.0/bin/multiqc -m fastqc -m cutadapt -m slamdunk -f .
[2020-10-05 08:47:25,912] multiqc                                            [DEBUG  ]  Working dir : /crex/proj/snic2020-16-60/private/Jake/work/e3/a4b5f6536d83e5129c53b760f668ed
[2020-10-05 08:47:25,912] multiqc                                            [INFO   ]  Template    : default
[2020-10-05 08:47:25,912] multiqc                                            [DEBUG  ]  Running Python 3.7.3 | packaged by conda-forge | (default, Dec  6 2019, 08:54:18)  [GCC 7.3.0]
[2020-10-05 08:47:25,912] multiqc                                            [INFO   ]  Searching   : /crex/proj/snic2020-16-60/private/Jake/work/e3/a4b5f6536d83e5129c53b760f668ed
[2020-10-05 08:47:25,912] multiqc                                            [INFO   ]  Only using modules fastqc, cutadapt, slamdunk
[2020-10-05 08:47:25,912] multiqc                                            [DEBUG  ]  Analysing modules: slamdunk, cutadapt, fastqc
[2020-10-05 08:47:25,913] multiqc                                            [DEBUG  ]  Using temporary directory for creating report: /scratch/tmpnwelidm1
[2020-10-05 08:47:26,035] multiqc                                            [DEBUG  ]  Ignored 196 search patterns as didn't match running modules.
[2020-10-05 08:47:26,140] multiqc                                            [DEBUG  ]  Ignoring file as matched an ignore pattern: 8601_RG36-S1_IndexD708-D508_TAATGCGC+GTACTGAC_L005_R1_001_trimmed_fastqc.html
[2020-10-05 08:47:26,140] multiqc                                            [DEBUG  ]  Ignoring file as matched an ignore pattern: 8601_RG21_IndexD706-D505_GAATTCGT+AGGCGAAG_L005_R1_001_trimmed_fastqc.html
[2020-10-05 08:47:26,198] multiqc                                            [DEBUG  ]  Ignoring file as matched an ignore pattern: 8601_RG26_IndexD707-D502_CTGAAGCT+ATAGAGGC_L005_R1_001_trimmed_fastqc.html
[2020-10-05 08:47:26,198] multiqc                                            [DEBUG  ]  Ignoring file as matched an ignore pattern: 8601_RG36_IndexD707-D508_CTGAAGCT+GTACTGAC_L007_R1_001_trimmed_fastqc.html
[2020-10-05 08:47:26,221] multiqc                                            [DEBUG  ]  Ignoring file as matched an ignore pattern: 8601_RG33-S1_IndexD708-D505_TAATGCGC+AGGCGAAG_L007_R1_001_trimmed_fastqc.html
[2020-10-05 08:47:26,256] multiqc                                            [DEBUG  ]  Ignoring file as matched an ignore pattern: 8601_RG27_IndexD707-D503_CTGAAGCT+CCTATCCT_L005_R1_001_trimmed_fastqc.html
[2020-10-05 08:47:26,257] multiqc                                            [DEBUG  ]  Ignoring file as matched an ignore pattern: 8601_RG35-S1_IndexD708-D507_TAATGCGC+CAGGACGT_L005_R1_001_trimmed_fastqc.html
[2020-10-05 08:47:26,257] multiqc                                            [DEBUG  ]  Ignoring file as matched an ignore pattern: 8601_RG25_IndexD707-D501_CTGAAGCT+TATAGCCT_L005_R1_001_trimmed_fastqc.html
[2020-10-05 08:47:26,295] multiqc                                            [DEBUG  ]  Ignoring file as matched an ignore pattern: 8601_RG35_IndexD707-D507_CTGAAGCT+CAGGACGT_L007_R1_001_trimmed_fastqc.html
[2020-10-05 08:47:26,308] multiqc                                            [DEBUG  ]  Ignoring file as matched an ignore pattern: 8601_RG15-S1_IndexD706-D508_GAATTCGT+GTACTGAC_L007_R1_001_trimmed_fastqc.html
[2020-10-05 08:47:26,339] multiqc                                            [DEBUG  ]  Ignoring file as matched an ignore pattern: 8601_RG34-S1_IndexD708-D506_TAATGCGC+TAATCTTA_L005_R1_001_trimmed_fastqc.html
[2020-10-05 08:47:26,433] multiqc                                            [DEBUG  ]  Ignoring file as matched an ignore pattern: 8601_RG29_IndexD707-D504_CTGAAGCT+GGCTCTGA_L005_R1_001_trimmed_fastqc.html
[2020-10-05 08:47:26,433] multiqc                                            [DEBUG  ]  Ignoring file as matched an ignore pattern: 8601_RG16-S1_IndexD708-D502_TAATGCGC+ATAGAGGC_L007_R1_001_trimmed_fastqc.html
[2020-10-05 08:47:26,433] multiqc                                            [DEBUG  ]  Ignoring file as matched an ignore pattern: 8601_RG24_IndexD706-D506_GAATTCGT+TAATCTTA_L005_R1_001_trimmed_fastqc.html
[2020-10-05 08:47:26,461] multiqc                                            [DEBUG  ]  Ignoring file as matched an ignore pattern: 8601_RG17-S1_IndexD708-D503_TAATGCGC+CCTATCCT_L007_R1_001_trimmed_fastqc.html
[2020-10-05 08:47:26,461] multiqc                                            [DEBUG  ]  Ignoring file as matched an ignore pattern: 8601_RG19-S1_IndexD708-D504_TAATGCGC+GGCTCTGA_L007_R1_001_trimmed_fastqc.html
[2020-10-05 08:47:26,486] multiqc                                            [DEBUG  ]  Ignoring file as matched an ignore pattern: 8601_RG34_IndexD707-D506_CTGAAGCT+TAATCTTA_L007_R1_001_trimmed_fastqc.html
[2020-10-05 08:47:28,146] multiqc.plots.bargraph                             [DEBUG  ]  Using matplotlib version 3.1.1
[2020-10-05 08:47:28,147] multiqc.plots.linegraph                            [DEBUG  ]  Using matplotlib version 3.1.1
[2020-10-05 08:47:28,283] multiqc.modules.slamdunk.slamdunk                  [DEBUG  ]  Found 17 summary reports
[2020-10-05 08:47:28,287] multiqc.modules.slamdunk.slamdunk                  [DEBUG  ]  Found 17 PCA plots
[2020-10-05 08:47:35,167] multiqc.modules.slamdunk.slamdunk                  [DEBUG  ]  Found 17 read rate reports
[2020-10-05 08:47:43,082] multiqc.modules.slamdunk.slamdunk                  [DEBUG  ]  Found 17 TCP error read rate reports
[2020-10-05 08:47:52,202] multiqc.modules.slamdunk.slamdunk                  [DEBUG  ]  Found 17 non TCP error read rate reports
[2020-10-05 08:47:52,202] multiqc.modules.slamdunk.slamdunk                  [INFO   ]  Found 17 reports
[2020-10-05 08:47:52,244] multiqc.modules.cutadapt.cutadapt                  [INFO   ]  Found 17 reports
[2020-10-05 08:47:56,546] multiqc.modules.fastqc.fastqc                      [INFO   ]  Found 17 reports
[2020-10-05 08:48:12,157] multiqc                                            [DEBUG  ]  Reordering sections: anchor 'software_versions' not found.
[2020-10-05 08:48:12,158] multiqc                                            [DEBUG  ]  Reordering sections: anchor 'nf-core-slamseq-summary' not found.
[2020-10-05 08:48:12,158] multiqc                                            [DEBUG  ]  Reordering sections: anchor 'software_versions' not found for module 'Slamdunk'.
[2020-10-05 08:48:12,158] multiqc                                            [DEBUG  ]  Reordering sections: anchor 'nf-core-slamseq-summary' not found for module 'Slamdunk'.
[2020-10-05 08:48:12,158] multiqc                                            [DEBUG  ]  Reordering sections: anchor 'software_versions' not found for module 'Cutadapt'.
[2020-10-05 08:48:12,158] multiqc                                            [DEBUG  ]  Reordering sections: anchor 'nf-core-slamseq-summary' not found for module 'Cutadapt'.
[2020-10-05 08:48:12,158] multiqc                                            [DEBUG  ]  Reordering sections: anchor 'software_versions' not found for module 'FastQC'.
[2020-10-05 08:48:12,158] multiqc                                            [DEBUG  ]  Reordering sections: anchor 'nf-core-slamseq-summary' not found for module 'FastQC'.
[2020-10-05 08:48:12,334] multiqc                                            [INFO   ]  Compressing plot data
[2020-10-05 08:48:14,290] multiqc                                            [INFO   ]  Report      : multiqc_report.html
[2020-10-05 08:48:14,291] multiqc                                            [INFO   ]  Data        : multiqc_data
[2020-10-05 08:48:14,291] multiqc                                            [DEBUG  ]  Moving data file from '/scratch/tmpnwelidm1/multiqc_data/multiqc_fastqc.txt' to '/crex/proj/snic2020-16-60/private/Jake/work/e3/a4b5f6536d83e5129c53b760f668ed/multiqc_data'
[2020-10-05 08:48:14,293] multiqc                                            [DEBUG  ]  Moving data file from '/scratch/tmpnwelidm1/multiqc_data/multiqc_slamdunk_nontcperreadpos_plus.txt' to '/crex/proj/snic2020-16-60/private/Jake/work/e3/a4b5f6536d83e5129c53b760f668ed/multiqc_data'
[2020-10-05 08:48:14,296] multiqc                                            [DEBUG  ]  Moving data file from '/scratch/tmpnwelidm1/multiqc_data/mqc_cutadapt_plot_Counts.txt' to '/crex/proj/snic2020-16-60/private/Jake/work/e3/a4b5f6536d83e5129c53b760f668ed/multiqc_data'
[2020-10-05 08:48:14,298] multiqc                                            [DEBUG  ]  Moving data file from '/scratch/tmpnwelidm1/multiqc_data/mqc_fastqc_per_sequence_quality_scores_plot_1.txt' to '/crex/proj/snic2020-16-60/private/Jake/work/e3/a4b5f6536d83e5129c53b760f668ed/multiqc_data'
[2020-10-05 08:48:14,301] multiqc                                            [DEBUG  ]  Moving data file from '/scratch/tmpnwelidm1/multiqc_data/mqc_slamdunk_nontcperreadpos_plot_Reverse_reads_-.txt' to '/crex/proj/snic2020-16-60/private/Jake/work/e3/a4b5f6536d83e5129c53b760f668ed/multiqc_data'
[2020-10-05 08:48:14,303] multiqc                                            [DEBUG  ]  Moving data file from '/scratch/tmpnwelidm1/multiqc_data/multiqc_slamdunk_tcperreadpos_plus.txt' to '/crex/proj/snic2020-16-60/private/Jake/work/e3/a4b5f6536d83e5129c53b760f668ed/multiqc_data'
[2020-10-05 08:48:14,305] multiqc                                            [DEBUG  ]  Moving data file from '/scratch/tmpnwelidm1/multiqc_data/mqc_slamdunk_slamdunk_nontcperutrpos_plot_UTRs_on_plus_strand.txt' to '/crex/proj/snic2020-16-60/private/Jake/work/e3/a4b5f6536d83e5129c53b760f668ed/multiqc_data'
[2020-10-05 08:48:14,307] multiqc                                            [DEBUG  ]  Moving data file from '/scratch/tmpnwelidm1/multiqc_data/mqc_slamdunk_slamdunk_tcperutrpos_plot_UTRs_on_plus_strand.txt' to '/crex/proj/snic2020-16-60/private/Jake/work/e3/a4b5f6536d83e5129c53b760f668ed/multiqc_data'
[2020-10-05 08:48:14,310] multiqc                                            [DEBUG  ]  Moving data file from '/scratch/tmpnwelidm1/multiqc_data/mqc_fastqc_per_sequence_gc_content_plot_Counts.txt' to '/crex/proj/snic2020-16-60/private/Jake/work/e3/a4b5f6536d83e5129c53b760f668ed/multiqc_data'
[2020-10-05 08:48:14,312] multiqc                                            [DEBUG  ]  Moving data file from '/scratch/tmpnwelidm1/multiqc_data/mqc_fastqc_per_sequence_gc_content_plot_Percentages.txt' to '/crex/proj/snic2020-16-60/private/Jake/work/e3/a4b5f6536d83e5129c53b760f668ed/multiqc_data'
[2020-10-05 08:48:14,314] multiqc                                            [DEBUG  ]  Moving data file from '/scratch/tmpnwelidm1/multiqc_data/multiqc_slamdunk_nontcperutrpos_plus.txt' to '/crex/proj/snic2020-16-60/private/Jake/work/e3/a4b5f6536d83e5129c53b760f668ed/multiqc_data'
[2020-10-05 08:48:14,316] multiqc                                            [DEBUG  ]  Moving data file from '/scratch/tmpnwelidm1/multiqc_data/multiqc_slamdunk_tcperutrpos_plus.txt' to '/crex/proj/snic2020-16-60/private/Jake/work/e3/a4b5f6536d83e5129c53b760f668ed/multiqc_data'
[2020-10-05 08:48:14,319] multiqc                                            [DEBUG  ]  Moving data file from '/scratch/tmpnwelidm1/multiqc_data/multiqc_slamdunk_nontcperutrpos_minus.txt' to '/crex/proj/snic2020-16-60/private/Jake/work/e3/a4b5f6536d83e5129c53b760f668ed/multiqc_data'
[2020-10-05 08:48:14,321] multiqc                                            [DEBUG  ]  Moving data file from '/scratch/tmpnwelidm1/multiqc_data/multiqc_sources.txt' to '/crex/proj/snic2020-16-60/private/Jake/work/e3/a4b5f6536d83e5129c53b760f668ed/multiqc_data'
[2020-10-05 08:48:14,323] multiqc                                            [DEBUG  ]  Moving data file from '/scratch/tmpnwelidm1/multiqc_data/mqc_fastqc_per_base_sequence_quality_plot_1.txt' to '/crex/proj/snic2020-16-60/private/Jake/work/e3/a4b5f6536d83e5129c53b760f668ed/multiqc_data'
[2020-10-05 08:48:14,325] multiqc                                            [DEBUG  ]  Moving data file from '/scratch/tmpnwelidm1/multiqc_data/mqc_slamdunk_tcperreadpos_plot_Forward_reads_.txt' to '/crex/proj/snic2020-16-60/private/Jake/work/e3/a4b5f6536d83e5129c53b760f668ed/multiqc_data'
[2020-10-05 08:48:14,327] multiqc                                            [DEBUG  ]  Moving data file from '/scratch/tmpnwelidm1/multiqc_data/mqc_slamdunk_nontcperreadpos_plot_Forward_reads_.txt' to '/crex/proj/snic2020-16-60/private/Jake/work/e3/a4b5f6536d83e5129c53b760f668ed/multiqc_data'
[2020-10-05 08:48:14,329] multiqc                                            [DEBUG  ]  Moving data file from '/scratch/tmpnwelidm1/multiqc_data/mqc_cutadapt_plot_Obs_Exp.txt' to '/crex/proj/snic2020-16-60/private/Jake/work/e3/a4b5f6536d83e5129c53b760f668ed/multiqc_data'
[2020-10-05 08:48:14,332] multiqc                                            [DEBUG  ]  Moving data file from '/scratch/tmpnwelidm1/multiqc_data/mqc_fastqc_sequence_length_distribution_plot_1.txt' to '/crex/proj/snic2020-16-60/private/Jake/work/e3/a4b5f6536d83e5129c53b760f668ed/multiqc_data'
[2020-10-05 08:48:14,335] multiqc                                            [DEBUG  ]  Moving data file from '/scratch/tmpnwelidm1/multiqc_data/mqc_fastqc_per_base_n_content_plot_1.txt' to '/crex/proj/snic2020-16-60/private/Jake/work/e3/a4b5f6536d83e5129c53b760f668ed/multiqc_data'
[2020-10-05 08:48:14,338] multiqc                                            [DEBUG  ]  Moving data file from '/scratch/tmpnwelidm1/multiqc_data/mqc_slamdunk_slamdunk_nontcperutrpos_plot_UTRs_on_minus_strand.txt' to '/crex/proj/snic2020-16-60/private/Jake/work/e3/a4b5f6536d83e5129c53b760f668ed/multiqc_data'
[2020-10-05 08:48:14,340] multiqc                                            [DEBUG  ]  Moving data file from '/scratch/tmpnwelidm1/multiqc_data/multiqc_data.json' to '/crex/proj/snic2020-16-60/private/Jake/work/e3/a4b5f6536d83e5129c53b760f668ed/multiqc_data'
[2020-10-05 08:48:14,353] multiqc                                            [DEBUG  ]  Moving data file from '/scratch/tmpnwelidm1/multiqc_data/multiqc_general_stats.txt' to '/crex/proj/snic2020-16-60/private/Jake/work/e3/a4b5f6536d83e5129c53b760f668ed/multiqc_data'
[2020-10-05 08:48:14,355] multiqc                                            [DEBUG  ]  Moving data file from '/scratch/tmpnwelidm1/multiqc_data/mqc_overallratesplot_Minus_Strand_-.txt' to '/crex/proj/snic2020-16-60/private/Jake/work/e3/a4b5f6536d83e5129c53b760f668ed/multiqc_data'
[2020-10-05 08:48:14,358] multiqc                                            [DEBUG  ]  Moving data file from '/scratch/tmpnwelidm1/multiqc_data/mqc_fastqc_sequence_counts_plot_1.txt' to '/crex/proj/snic2020-16-60/private/Jake/work/e3/a4b5f6536d83e5129c53b760f668ed/multiqc_data'
[2020-10-05 08:48:14,360] multiqc                                            [DEBUG  ]  Moving data file from '/scratch/tmpnwelidm1/multiqc_data/multiqc_slamdunk_nontcperreadpos_minus.txt' to '/crex/proj/snic2020-16-60/private/Jake/work/e3/a4b5f6536d83e5129c53b760f668ed/multiqc_data'
[2020-10-05 08:48:14,362] multiqc                                            [DEBUG  ]  Moving data file from '/scratch/tmpnwelidm1/multiqc_data/multiqc_slamdunk_tcperutrpos_minus.txt' to '/crex/proj/snic2020-16-60/private/Jake/work/e3/a4b5f6536d83e5129c53b760f668ed/multiqc_data'
[2020-10-05 08:48:14,365] multiqc                                            [DEBUG  ]  Moving data file from '/scratch/tmpnwelidm1/multiqc_data/multiqc_cutadapt.txt' to '/crex/proj/snic2020-16-60/private/Jake/work/e3/a4b5f6536d83e5129c53b760f668ed/multiqc_data'
[2020-10-05 08:48:14,367] multiqc                                            [DEBUG  ]  Moving data file from '/scratch/tmpnwelidm1/multiqc_data/mqc_slamdunk_slamdunk_tcperutrpos_plot_UTRs_on_minus_strand.txt' to '/crex/proj/snic2020-16-60/private/Jake/work/e3/a4b5f6536d83e5129c53b760f668ed/multiqc_data'
[2020-10-05 08:48:14,370] multiqc                                            [DEBUG  ]  Moving data file from '/scratch/tmpnwelidm1/multiqc_data/multiqc_slamdunk_readrates_minus.txt' to '/crex/proj/snic2020-16-60/private/Jake/work/e3/a4b5f6536d83e5129c53b760f668ed/multiqc_data'
[2020-10-05 08:48:14,372] multiqc                                            [DEBUG  ]  Moving data file from '/scratch/tmpnwelidm1/multiqc_data/mqc_slamdunk_tcperreadpos_plot_Reverse_reads_-.txt' to '/crex/proj/snic2020-16-60/private/Jake/work/e3/a4b5f6536d83e5129c53b760f668ed/multiqc_data'
[2020-10-05 08:48:14,402] multiqc                                            [DEBUG  ]  Moving data file from '/scratch/tmpnwelidm1/multiqc_data/multiqc_slamdunk_tcperreadpos_minus.txt' to '/crex/proj/snic2020-16-60/private/Jake/work/e3/a4b5f6536d83e5129c53b760f668ed/multiqc_data'
[2020-10-05 08:48:14,435] multiqc                                            [DEBUG  ]  Moving data file from '/scratch/tmpnwelidm1/multiqc_data/multiqc_slamdunk_readrates_plus.txt' to '/crex/proj/snic2020-16-60/private/Jake/work/e3/a4b5f6536d83e5129c53b760f668ed/multiqc_data'
[2020-10-05 08:48:14,438] multiqc                                            [DEBUG  ]  Moving data file from '/scratch/tmpnwelidm1/multiqc_data/mqc_fastqc_sequence_duplication_levels_plot_1.txt' to '/crex/proj/snic2020-16-60/private/Jake/work/e3/a4b5f6536d83e5129c53b760f668ed/multiqc_data'
[2020-10-05 08:48:14,441] multiqc                                            [DEBUG  ]  Moving data file from '/scratch/tmpnwelidm1/multiqc_data/mqc_overallratesplot_Plus_Strand_.txt' to '/crex/proj/snic2020-16-60/private/Jake/work/e3/a4b5f6536d83e5129c53b760f668ed/multiqc_data'
[2020-10-05 08:48:14,444] multiqc                                            [INFO   ]  Plots       : multiqc_plots
[2020-10-05 08:48:14,444] multiqc                                            [DEBUG  ]  Moving plots directory from '/scratch/tmpnwelidm1/multiqc_plots/svg' to '/crex/proj/snic2020-16-60/private/Jake/work/e3/a4b5f6536d83e5129c53b760f668ed/multiqc_plots'
[2020-10-05 08:48:14,522] multiqc                                            [DEBUG  ]  Moving plots directory from '/scratch/tmpnwelidm1/multiqc_plots/pdf' to '/crex/proj/snic2020-16-60/private/Jake/work/e3/a4b5f6536d83e5129c53b760f668ed/multiqc_plots'
[2020-10-05 08:48:14,635] multiqc                                            [DEBUG  ]  Moving plots directory from '/scratch/tmpnwelidm1/multiqc_plots/png' to '/crex/proj/snic2020-16-60/private/Jake/work/e3/a4b5f6536d83e5129c53b760f668ed/multiqc_plots'
[2020-10-05 08:48:14,903] multiqc                                            [INFO   ]  MultiQC complete
