[2020-11-30 10:34:40,977] multiqc                                            [DEBUG  ]  No MultiQC config found: /home/jake/.local/lib/python3.8/site-packages/multiqc_config.yaml
[2020-11-30 10:34:40,977] multiqc                                            [DEBUG  ]  No MultiQC config found: /home/jake/.multiqc_config.yaml
[2020-11-30 10:34:40,977] multiqc                                            [DEBUG  ]  No MultiQC config found: multiqc_config.yaml
[2020-11-30 10:34:40,978] multiqc                                            [DEBUG  ]  Command used: /home/jake/.local/bin/multiqc .
[2020-11-30 10:34:41,367] multiqc                                            [DEBUG  ]  Latest MultiQC version is v1.9
[2020-11-30 10:34:41,368] multiqc                                            [INFO   ]  This is MultiQC v1.9
[2020-11-30 10:34:41,368] multiqc                                            [DEBUG  ]  Command     : /home/jake/.local/bin/multiqc .
[2020-11-30 10:34:41,368] multiqc                                            [DEBUG  ]  Working dir : /mnt/s/Bachelors_data/FastQC_raw
[2020-11-30 10:34:41,368] multiqc                                            [INFO   ]  Template    : default
[2020-11-30 10:34:41,368] multiqc                                            [DEBUG  ]  Running Python 3.8.5 (default, Jul 28 2020, 12:59:40)  [GCC 9.3.0]
[2020-11-30 10:34:41,368] multiqc                                            [INFO   ]  Searching   : /mnt/s/Bachelors_data/FastQC_raw
[2020-11-30 10:34:41,368] multiqc                                            [DEBUG  ]  Analysing modules: custom_content, conpair, peddy, somalier, methylQA, mosdepth, phantompeakqualtools, qualimap, preseq, quast, qorts, rna_seqc, rockhopper, rsem, rseqc, busco, goleft_indexcov, disambiguate, supernova, deeptools, sargasso, verifybamid, mirtrace, happy, mirtop, homer, macs2, theta2, snpeff, gatk, htseq, bcftools, featureCounts, fgbio, dragen, dedup, damageprofiler, biobambam2, mtnucratio, picard, prokka, samblaster, samtools, sexdeterrmine, bamtools, jellyfish, vcftools, longranger, stacks, varscan2, bbmap, bismark, biscuit, hicexplorer, hicup, hicpro, salmon, kallisto, slamdunk, star, hisat2, tophat, bowtie2, bowtie1, snpsplit, kat, leehom, adapterRemoval, clipandmerge, cutadapt, flexbar, kaiju, kraken, malt, trimmomatic, sickle, skewer, sortmerna, biobloomtools, fastq_screen, afterqc, fastp, fastqc, pycoqc, minionqc, multivcfanalyzer, clusterflow, bcl2fastq, interop, ivar, flash, seqyclean
[2020-11-30 10:34:41,376] multiqc                                            [DEBUG  ]  Using temporary directory for creating report: /tmp/tmpu7m1h_27
[2020-11-30 10:34:41,606] multiqc                                            [DEBUG  ]  File ignored by hicexplorer because it exceeded search pattern filesize limit: tagger-pooled-library-2S_S1_L001_R1_001_fastqc.html
[2020-11-30 10:34:41,637] multiqc                                            [DEBUG  ]  File ignored by longranger/invocation because it exceeded search pattern filesize limit: tagger-pooled-library-2S_S1_L001_R1_001_fastqc.html
[2020-11-30 10:34:41,637] multiqc                                            [DEBUG  ]  File ignored by rockhopper because it exceeded search pattern filesize limit: tagger-pooled-library-2S_S1_L001_R1_001_fastqc.html
[2020-11-30 10:34:41,637] multiqc                                            [DEBUG  ]  File ignored by rseqc/bam_stat because it exceeded search pattern filesize limit: tagger-pooled-library-2S_S1_L001_R1_001_fastqc.html
[2020-11-30 10:34:41,637] multiqc                                            [DEBUG  ]  File ignored by rseqc/junction_annotation because it exceeded search pattern filesize limit: tagger-pooled-library-2S_S1_L001_R1_001_fastqc.html
[2020-11-30 10:34:41,637] multiqc                                            [DEBUG  ]  File ignored by rseqc/read_distribution because it exceeded search pattern filesize limit: tagger-pooled-library-2S_S1_L001_R1_001_fastqc.html
[2020-11-30 10:34:41,637] multiqc                                            [DEBUG  ]  File ignored by rseqc/infer_experiment because it exceeded search pattern filesize limit: tagger-pooled-library-2S_S1_L001_R1_001_fastqc.html
[2020-11-30 10:34:42,456] multiqc                                            [DEBUG  ]  File ignored by hicexplorer because it exceeded search pattern filesize limit: tagger-pooled-library-2S_S1_L001_R2_001_fastqc.html
[2020-11-30 10:34:42,487] multiqc                                            [DEBUG  ]  File ignored by longranger/invocation because it exceeded search pattern filesize limit: tagger-pooled-library-2S_S1_L001_R2_001_fastqc.html
[2020-11-30 10:34:42,487] multiqc                                            [DEBUG  ]  File ignored by rockhopper because it exceeded search pattern filesize limit: tagger-pooled-library-2S_S1_L001_R2_001_fastqc.html
[2020-11-30 10:34:42,487] multiqc                                            [DEBUG  ]  File ignored by rseqc/bam_stat because it exceeded search pattern filesize limit: tagger-pooled-library-2S_S1_L001_R2_001_fastqc.html
[2020-11-30 10:34:42,487] multiqc                                            [DEBUG  ]  File ignored by rseqc/junction_annotation because it exceeded search pattern filesize limit: tagger-pooled-library-2S_S1_L001_R2_001_fastqc.html
[2020-11-30 10:34:42,487] multiqc                                            [DEBUG  ]  File ignored by rseqc/read_distribution because it exceeded search pattern filesize limit: tagger-pooled-library-2S_S1_L001_R2_001_fastqc.html
[2020-11-30 10:34:42,488] multiqc                                            [DEBUG  ]  File ignored by rseqc/infer_experiment because it exceeded search pattern filesize limit: tagger-pooled-library-2S_S1_L001_R2_001_fastqc.html
[2020-11-30 10:34:43,220] multiqc                                            [DEBUG  ]  File ignored by hicexplorer because it exceeded search pattern filesize limit: tagger-pooled-library-2S_S1_L002_R1_001_fastqc.html
[2020-11-30 10:34:43,252] multiqc                                            [DEBUG  ]  File ignored by longranger/invocation because it exceeded search pattern filesize limit: tagger-pooled-library-2S_S1_L002_R1_001_fastqc.html
[2020-11-30 10:34:43,252] multiqc                                            [DEBUG  ]  File ignored by rockhopper because it exceeded search pattern filesize limit: tagger-pooled-library-2S_S1_L002_R1_001_fastqc.html
[2020-11-30 10:34:43,252] multiqc                                            [DEBUG  ]  File ignored by rseqc/bam_stat because it exceeded search pattern filesize limit: tagger-pooled-library-2S_S1_L002_R1_001_fastqc.html
[2020-11-30 10:34:43,253] multiqc                                            [DEBUG  ]  File ignored by rseqc/junction_annotation because it exceeded search pattern filesize limit: tagger-pooled-library-2S_S1_L002_R1_001_fastqc.html
[2020-11-30 10:34:43,253] multiqc                                            [DEBUG  ]  File ignored by rseqc/read_distribution because it exceeded search pattern filesize limit: tagger-pooled-library-2S_S1_L002_R1_001_fastqc.html
[2020-11-30 10:34:43,253] multiqc                                            [DEBUG  ]  File ignored by rseqc/infer_experiment because it exceeded search pattern filesize limit: tagger-pooled-library-2S_S1_L002_R1_001_fastqc.html
[2020-11-30 10:34:44,050] multiqc                                            [DEBUG  ]  File ignored by hicexplorer because it exceeded search pattern filesize limit: tagger-pooled-library-2S_S1_L002_R2_001_fastqc.html
[2020-11-30 10:34:44,081] multiqc                                            [DEBUG  ]  File ignored by longranger/invocation because it exceeded search pattern filesize limit: tagger-pooled-library-2S_S1_L002_R2_001_fastqc.html
[2020-11-30 10:34:44,081] multiqc                                            [DEBUG  ]  File ignored by rockhopper because it exceeded search pattern filesize limit: tagger-pooled-library-2S_S1_L002_R2_001_fastqc.html
[2020-11-30 10:34:44,081] multiqc                                            [DEBUG  ]  File ignored by rseqc/bam_stat because it exceeded search pattern filesize limit: tagger-pooled-library-2S_S1_L002_R2_001_fastqc.html
[2020-11-30 10:34:44,081] multiqc                                            [DEBUG  ]  File ignored by rseqc/junction_annotation because it exceeded search pattern filesize limit: tagger-pooled-library-2S_S1_L002_R2_001_fastqc.html
[2020-11-30 10:34:44,081] multiqc                                            [DEBUG  ]  File ignored by rseqc/read_distribution because it exceeded search pattern filesize limit: tagger-pooled-library-2S_S1_L002_R2_001_fastqc.html
[2020-11-30 10:34:44,081] multiqc                                            [DEBUG  ]  File ignored by rseqc/infer_experiment because it exceeded search pattern filesize limit: tagger-pooled-library-2S_S1_L002_R2_001_fastqc.html
[2020-11-30 10:34:44,800] multiqc                                            [DEBUG  ]  File ignored by hicexplorer because it exceeded search pattern filesize limit: tagger-pooled-library-2S_S1_L003_R1_001_fastqc.html
[2020-11-30 10:34:44,831] multiqc                                            [DEBUG  ]  File ignored by longranger/invocation because it exceeded search pattern filesize limit: tagger-pooled-library-2S_S1_L003_R1_001_fastqc.html
[2020-11-30 10:34:44,831] multiqc                                            [DEBUG  ]  File ignored by rockhopper because it exceeded search pattern filesize limit: tagger-pooled-library-2S_S1_L003_R1_001_fastqc.html
[2020-11-30 10:34:44,831] multiqc                                            [DEBUG  ]  File ignored by rseqc/bam_stat because it exceeded search pattern filesize limit: tagger-pooled-library-2S_S1_L003_R1_001_fastqc.html
[2020-11-30 10:34:44,831] multiqc                                            [DEBUG  ]  File ignored by rseqc/junction_annotation because it exceeded search pattern filesize limit: tagger-pooled-library-2S_S1_L003_R1_001_fastqc.html
[2020-11-30 10:34:44,831] multiqc                                            [DEBUG  ]  File ignored by rseqc/read_distribution because it exceeded search pattern filesize limit: tagger-pooled-library-2S_S1_L003_R1_001_fastqc.html
[2020-11-30 10:34:44,831] multiqc                                            [DEBUG  ]  File ignored by rseqc/infer_experiment because it exceeded search pattern filesize limit: tagger-pooled-library-2S_S1_L003_R1_001_fastqc.html
[2020-11-30 10:34:45,618] multiqc                                            [DEBUG  ]  File ignored by hicexplorer because it exceeded search pattern filesize limit: tagger-pooled-library-2S_S1_L003_R2_001_fastqc.html
[2020-11-30 10:34:45,649] multiqc                                            [DEBUG  ]  File ignored by longranger/invocation because it exceeded search pattern filesize limit: tagger-pooled-library-2S_S1_L003_R2_001_fastqc.html
[2020-11-30 10:34:45,649] multiqc                                            [DEBUG  ]  File ignored by rockhopper because it exceeded search pattern filesize limit: tagger-pooled-library-2S_S1_L003_R2_001_fastqc.html
[2020-11-30 10:34:45,649] multiqc                                            [DEBUG  ]  File ignored by rseqc/bam_stat because it exceeded search pattern filesize limit: tagger-pooled-library-2S_S1_L003_R2_001_fastqc.html
[2020-11-30 10:34:45,649] multiqc                                            [DEBUG  ]  File ignored by rseqc/junction_annotation because it exceeded search pattern filesize limit: tagger-pooled-library-2S_S1_L003_R2_001_fastqc.html
[2020-11-30 10:34:45,649] multiqc                                            [DEBUG  ]  File ignored by rseqc/read_distribution because it exceeded search pattern filesize limit: tagger-pooled-library-2S_S1_L003_R2_001_fastqc.html
[2020-11-30 10:34:45,649] multiqc                                            [DEBUG  ]  File ignored by rseqc/infer_experiment because it exceeded search pattern filesize limit: tagger-pooled-library-2S_S1_L003_R2_001_fastqc.html
[2020-11-30 10:34:46,355] multiqc                                            [DEBUG  ]  File ignored by hicexplorer because it exceeded search pattern filesize limit: tagger-pooled-library-2S_S1_L004_R1_001_fastqc.html
[2020-11-30 10:34:46,387] multiqc                                            [DEBUG  ]  File ignored by longranger/invocation because it exceeded search pattern filesize limit: tagger-pooled-library-2S_S1_L004_R1_001_fastqc.html
[2020-11-30 10:34:46,387] multiqc                                            [DEBUG  ]  File ignored by rockhopper because it exceeded search pattern filesize limit: tagger-pooled-library-2S_S1_L004_R1_001_fastqc.html
[2020-11-30 10:34:46,387] multiqc                                            [DEBUG  ]  File ignored by rseqc/bam_stat because it exceeded search pattern filesize limit: tagger-pooled-library-2S_S1_L004_R1_001_fastqc.html
[2020-11-30 10:34:46,387] multiqc                                            [DEBUG  ]  File ignored by rseqc/junction_annotation because it exceeded search pattern filesize limit: tagger-pooled-library-2S_S1_L004_R1_001_fastqc.html
[2020-11-30 10:34:46,387] multiqc                                            [DEBUG  ]  File ignored by rseqc/read_distribution because it exceeded search pattern filesize limit: tagger-pooled-library-2S_S1_L004_R1_001_fastqc.html
[2020-11-30 10:34:46,387] multiqc                                            [DEBUG  ]  File ignored by rseqc/infer_experiment because it exceeded search pattern filesize limit: tagger-pooled-library-2S_S1_L004_R1_001_fastqc.html
[2020-11-30 10:34:47,172] multiqc                                            [DEBUG  ]  File ignored by hicexplorer because it exceeded search pattern filesize limit: tagger-pooled-library-2S_S1_L004_R2_001_fastqc.html
[2020-11-30 10:34:47,203] multiqc                                            [DEBUG  ]  File ignored by longranger/invocation because it exceeded search pattern filesize limit: tagger-pooled-library-2S_S1_L004_R2_001_fastqc.html
[2020-11-30 10:34:47,203] multiqc                                            [DEBUG  ]  File ignored by rockhopper because it exceeded search pattern filesize limit: tagger-pooled-library-2S_S1_L004_R2_001_fastqc.html
[2020-11-30 10:34:47,203] multiqc                                            [DEBUG  ]  File ignored by rseqc/bam_stat because it exceeded search pattern filesize limit: tagger-pooled-library-2S_S1_L004_R2_001_fastqc.html
[2020-11-30 10:34:47,203] multiqc                                            [DEBUG  ]  File ignored by rseqc/junction_annotation because it exceeded search pattern filesize limit: tagger-pooled-library-2S_S1_L004_R2_001_fastqc.html
[2020-11-30 10:34:47,203] multiqc                                            [DEBUG  ]  File ignored by rseqc/read_distribution because it exceeded search pattern filesize limit: tagger-pooled-library-2S_S1_L004_R2_001_fastqc.html
[2020-11-30 10:34:47,203] multiqc                                            [DEBUG  ]  File ignored by rseqc/infer_experiment because it exceeded search pattern filesize limit: tagger-pooled-library-2S_S1_L004_R2_001_fastqc.html
[2020-11-30 10:34:48,058] multiqc.plots.bargraph                             [DEBUG  ]  Using matplotlib version 3.3.1
[2020-11-30 10:34:48,059] multiqc.plots.linegraph                            [DEBUG  ]  Using matplotlib version 3.3.1
[2020-11-30 10:34:48,060] multiqc                                            [DEBUG  ]  No samples found: custom_content
[2020-11-30 10:34:48,063] multiqc                                            [DEBUG  ]  No samples found: conpair
[2020-11-30 10:34:48,070] multiqc                                            [DEBUG  ]  No samples found: peddy
[2020-11-30 10:34:48,073] multiqc                                            [DEBUG  ]  No samples found: somalier
[2020-11-30 10:34:48,075] multiqc                                            [DEBUG  ]  No samples found: methylQA
[2020-11-30 10:34:48,080] multiqc                                            [DEBUG  ]  No samples found: mosdepth
[2020-11-30 10:34:48,083] multiqc                                            [DEBUG  ]  No samples found: phantompeakqualtools
[2020-11-30 10:34:48,085] multiqc                                            [DEBUG  ]  No samples found: qualimap
[2020-11-30 10:34:48,087] multiqc                                            [DEBUG  ]  No samples found: preseq
[2020-11-30 10:34:48,090] multiqc                                            [DEBUG  ]  No samples found: quast
[2020-11-30 10:34:48,093] multiqc                                            [DEBUG  ]  No samples found: qorts
[2020-11-30 10:34:48,096] multiqc                                            [DEBUG  ]  No samples found: rna_seqc
[2020-11-30 10:34:48,099] multiqc                                            [DEBUG  ]  No samples found: rockhopper
[2020-11-30 10:34:48,102] multiqc                                            [DEBUG  ]  No samples found: rsem
[2020-11-30 10:34:48,108] multiqc                                            [DEBUG  ]  No samples found: rseqc
[2020-11-30 10:34:48,111] multiqc                                            [DEBUG  ]  No samples found: busco
[2020-11-30 10:34:48,114] multiqc                                            [DEBUG  ]  No samples found: goleft_indexcov
[2020-11-30 10:34:48,116] multiqc                                            [DEBUG  ]  No samples found: disambiguate
[2020-11-30 10:34:48,119] multiqc                                            [DEBUG  ]  No samples found: supernova
[2020-11-30 10:34:48,126] multiqc                                            [DEBUG  ]  No samples found: deeptools
[2020-11-30 10:34:48,129] multiqc                                            [DEBUG  ]  No samples found: sargasso
[2020-11-30 10:34:48,131] multiqc                                            [DEBUG  ]  No samples found: verifybamid
[2020-11-30 10:34:48,134] multiqc                                            [DEBUG  ]  No samples found: mirtrace
[2020-11-30 10:34:48,137] multiqc                                            [DEBUG  ]  No samples found: happy
[2020-11-30 10:34:48,140] multiqc                                            [DEBUG  ]  No samples found: mirtop
[2020-11-30 10:34:48,143] multiqc                                            [DEBUG  ]  No samples found: homer
[2020-11-30 10:34:48,146] multiqc                                            [DEBUG  ]  No samples found: macs2
[2020-11-30 10:34:48,149] multiqc                                            [DEBUG  ]  No samples found: theta2
[2020-11-30 10:34:48,152] multiqc                                            [DEBUG  ]  No samples found: snpeff
[2020-11-30 10:34:48,155] multiqc                                            [DEBUG  ]  No samples found: gatk
[2020-11-30 10:34:48,158] multiqc                                            [DEBUG  ]  No samples found: htseq
[2020-11-30 10:34:48,161] multiqc                                            [DEBUG  ]  No samples found: bcftools
[2020-11-30 10:34:48,164] multiqc                                            [DEBUG  ]  No samples found: featureCounts
[2020-11-30 10:34:48,167] multiqc                                            [DEBUG  ]  No samples found: fgbio
[2020-11-30 10:34:48,173] multiqc                                            [DEBUG  ]  No samples found: dragen
[2020-11-30 10:34:48,176] multiqc                                            [DEBUG  ]  No samples found: dedup
[2020-11-30 10:34:48,179] multiqc                                            [DEBUG  ]  No samples found: damageprofiler
[2020-11-30 10:34:48,190] multiqc                                            [DEBUG  ]  No samples found: biobambam2
[2020-11-30 10:34:48,193] multiqc                                            [DEBUG  ]  No samples found: mtnucratio
[2020-11-30 10:34:48,194] multiqc                                            [DEBUG  ]  No samples found: picard
[2020-11-30 10:34:48,197] multiqc                                            [DEBUG  ]  No samples found: prokka
[2020-11-30 10:34:48,200] multiqc                                            [DEBUG  ]  No samples found: samblaster
[2020-11-30 10:34:48,205] multiqc                                            [DEBUG  ]  No samples found: samtools
[2020-11-30 10:34:48,208] multiqc                                            [DEBUG  ]  No samples found: sexdeterrmine
[2020-11-30 10:34:48,211] multiqc                                            [DEBUG  ]  No samples found: bamtools
[2020-11-30 10:34:48,214] multiqc                                            [DEBUG  ]  No samples found: jellyfish
[2020-11-30 10:34:48,218] multiqc                                            [DEBUG  ]  No samples found: vcftools
[2020-11-30 10:34:48,221] multiqc                                            [DEBUG  ]  No samples found: longranger
[2020-11-30 10:34:48,224] multiqc                                            [DEBUG  ]  No samples found: stacks
[2020-11-30 10:34:48,226] multiqc                                            [DEBUG  ]  No samples found: varscan2
[2020-11-30 10:34:48,234] multiqc                                            [DEBUG  ]  No samples found: bbmap
[2020-11-30 10:34:48,237] multiqc                                            [DEBUG  ]  No samples found: bismark
[2020-11-30 10:34:48,240] multiqc                                            [DEBUG  ]  No samples found: biscuit
[2020-11-30 10:34:48,243] multiqc                                            [DEBUG  ]  No samples found: hicexplorer
[2020-11-30 10:34:48,246] multiqc                                            [DEBUG  ]  No samples found: hicup
[2020-11-30 10:34:48,249] multiqc                                            [DEBUG  ]  No samples found: hicpro
[2020-11-30 10:34:48,251] multiqc                                            [DEBUG  ]  No samples found: salmon
[2020-11-30 10:34:48,254] multiqc                                            [DEBUG  ]  No samples found: kallisto
[2020-11-30 10:34:48,257] multiqc                                            [DEBUG  ]  No samples found: slamdunk
[2020-11-30 10:34:48,260] multiqc                                            [DEBUG  ]  No samples found: star
[2020-11-30 10:34:48,263] multiqc                                            [DEBUG  ]  No samples found: hisat2
[2020-11-30 10:34:48,266] multiqc                                            [DEBUG  ]  No samples found: tophat
[2020-11-30 10:34:48,269] multiqc                                            [DEBUG  ]  No samples found: bowtie2
[2020-11-30 10:34:48,272] multiqc                                            [DEBUG  ]  No samples found: bowtie1
[2020-11-30 10:34:48,274] multiqc                                            [DEBUG  ]  No samples found: snpsplit
[2020-11-30 10:34:48,277] multiqc                                            [DEBUG  ]  No samples found: kat
[2020-11-30 10:34:48,280] multiqc                                            [DEBUG  ]  No samples found: leehom
[2020-11-30 10:34:48,283] multiqc                                            [DEBUG  ]  No samples found: adapterRemoval
[2020-11-30 10:34:48,285] multiqc                                            [DEBUG  ]  No samples found: clipandmerge
[2020-11-30 10:34:48,288] multiqc                                            [DEBUG  ]  No samples found: cutadapt
[2020-11-30 10:34:48,291] multiqc                                            [DEBUG  ]  No samples found: flexbar
[2020-11-30 10:34:48,294] multiqc                                            [DEBUG  ]  No samples found: kaiju
[2020-11-30 10:34:48,296] multiqc                                            [DEBUG  ]  No samples found: kraken
[2020-11-30 10:34:48,299] multiqc                                            [DEBUG  ]  No samples found: malt
[2020-11-30 10:34:48,302] multiqc                                            [DEBUG  ]  No samples found: trimmomatic
[2020-11-30 10:34:48,305] multiqc                                            [DEBUG  ]  No samples found: sickle
[2020-11-30 10:34:48,308] multiqc                                            [DEBUG  ]  No samples found: skewer
[2020-11-30 10:34:48,310] multiqc                                            [DEBUG  ]  No samples found: sortmerna
[2020-11-30 10:34:48,313] multiqc                                            [DEBUG  ]  No samples found: biobloomtools
[2020-11-30 10:34:48,316] multiqc                                            [DEBUG  ]  No samples found: fastq_screen
[2020-11-30 10:34:48,318] multiqc                                            [DEBUG  ]  No samples found: afterqc
[2020-11-30 10:34:48,321] multiqc                                            [DEBUG  ]  No samples found: fastp
[2020-11-30 10:34:48,462] multiqc.modules.fastqc.fastqc                      [INFO   ]  Found 8 reports
[2020-11-30 10:34:48,546] multiqc                                            [DEBUG  ]  No samples found: pycoqc
[2020-11-30 10:34:48,549] multiqc                                            [DEBUG  ]  No samples found: minionqc
[2020-11-30 10:34:48,552] multiqc                                            [DEBUG  ]  No samples found: multivcfanalyzer
[2020-11-30 10:34:48,555] multiqc                                            [DEBUG  ]  No samples found: clusterflow
[2020-11-30 10:34:48,558] multiqc                                            [DEBUG  ]  No samples found: bcl2fastq
[2020-11-30 10:34:48,561] multiqc                                            [DEBUG  ]  No samples found: interop
[2020-11-30 10:34:48,564] multiqc                                            [DEBUG  ]  No samples found: ivar
[2020-11-30 10:34:48,567] multiqc                                            [DEBUG  ]  No samples found: flash
[2020-11-30 10:34:48,569] multiqc                                            [DEBUG  ]  No samples found: seqyclean
[2020-11-30 10:34:48,579] multiqc                                            [INFO   ]  Compressing plot data
[2020-11-30 10:34:48,688] multiqc                                            [INFO   ]  Report      : multiqc_report.html
[2020-11-30 10:34:48,688] multiqc                                            [INFO   ]  Data        : multiqc_data
[2020-11-30 10:34:48,688] multiqc                                            [DEBUG  ]  Moving data file from '/tmp/tmpu7m1h_27/multiqc_data' to '/mnt/s/Bachelors_data/FastQC_raw/multiqc_data'
[2020-11-30 10:34:49,185] multiqc                                            [INFO   ]  MultiQC complete
