[2020-10-01 11:23:52,226] multiqc                                            [DEBUG  ]  No MultiQC config found: /domus/h1/hyperty/miniconda3/envs/nf-core-slamseq-1.0.0/lib/python3.7/site-packages/multiqc_config.yaml
[2020-10-01 11:23:52,228] multiqc                                            [DEBUG  ]  No MultiQC config found: /home/hyperty/.multiqc_config.yaml
[2020-10-01 11:23:52,239] multiqc                                            [DEBUG  ]  Loading config settings from: multiqc_config.yaml
[2020-10-01 11:23:52,239] multiqc                                            [DEBUG  ]  New config 'report_comment': This report has been generated by the <a href="https://github.com/nf-core/slamseq" target="_blank">nf-core/slamseq</a> analysis pipeline. For information about how to interpret these results, please see the <a href="https://github.com/nf-core/slamseq" target="_blank">documentation</a>.

[2020-10-01 11:23:52,239] multiqc                                            [DEBUG  ]  New config 'report_section_order': {'software_versions': {'order': -1000}, 'nf-core-slamseq-summary': {'order': -1001}}
[2020-10-01 11:23:52,240] multiqc                                            [DEBUG  ]  New config 'export_plots': True
[2020-10-01 11:23:52,240] multiqc                                            [DEBUG  ]  Command used: /home/hyperty/miniconda3/envs/nf-core-slamseq-1.0.0/bin/multiqc -m fastqc -m cutadapt -m slamdunk -f .
[2020-10-01 11:23:53,819] multiqc                                            [WARNING]  MultiQC Version v1.9 now available!
[2020-10-01 11:23:53,820] multiqc                                            [INFO   ]  This is MultiQC v1.8
[2020-10-01 11:23:53,820] multiqc                                            [DEBUG  ]  Command     : /home/hyperty/miniconda3/envs/nf-core-slamseq-1.0.0/bin/multiqc -m fastqc -m cutadapt -m slamdunk -f .
[2020-10-01 11:23:53,820] multiqc                                            [DEBUG  ]  Working dir : /crex/proj/snic2020-16-60/private/Jake/work/08/13b73d9d7031fef57b28cf9acd3392
[2020-10-01 11:23:53,820] multiqc                                            [INFO   ]  Template    : default
[2020-10-01 11:23:53,821] multiqc                                            [DEBUG  ]  Running Python 3.7.3 | packaged by conda-forge | (default, Dec  6 2019, 08:54:18)  [GCC 7.3.0]
[2020-10-01 11:23:53,821] multiqc                                            [INFO   ]  Searching   : /crex/proj/snic2020-16-60/private/Jake/work/08/13b73d9d7031fef57b28cf9acd3392
[2020-10-01 11:23:53,822] multiqc                                            [INFO   ]  Only using modules fastqc, cutadapt, slamdunk
[2020-10-01 11:23:53,822] multiqc                                            [DEBUG  ]  Analysing modules: slamdunk, cutadapt, fastqc
[2020-10-01 11:23:53,822] multiqc                                            [DEBUG  ]  Using temporary directory for creating report: /scratch/tmp5bsgiz4t
[2020-10-01 11:23:54,087] multiqc                                            [DEBUG  ]  Ignored 196 search patterns as didn't match running modules.
[2020-10-01 11:23:54,426] multiqc                                            [DEBUG  ]  Ignoring file as matched an ignore pattern: RT_Gad2_1_trimmed_fastqc.html
[2020-10-01 11:23:54,478] multiqc                                            [DEBUG  ]  Ignoring file as matched an ignore pattern: RT_vGluT2_3_trimmed_fastqc.html
[2020-10-01 11:23:54,584] multiqc                                            [DEBUG  ]  Ignoring file as matched an ignore pattern: S1_vGluT2_3_trimmed_fastqc.html
[2020-10-01 11:23:54,584] multiqc                                            [DEBUG  ]  Ignoring file as matched an ignore pattern: S1_vGluT2_1_trimmed_fastqc.html
[2020-10-01 11:23:54,619] multiqc                                            [DEBUG  ]  Ignoring file as matched an ignore pattern: RT_vGluT2_1_trimmed_fastqc.html
[2020-10-01 11:23:54,619] multiqc                                            [DEBUG  ]  Ignoring file as matched an ignore pattern: S1_vGluT2_2_trimmed_fastqc.html
[2020-10-01 11:23:54,648] multiqc                                            [DEBUG  ]  Ignoring file as matched an ignore pattern: RT_Gad2_2_trimmed_fastqc.html
[2020-10-01 11:23:54,676] multiqc                                            [DEBUG  ]  Ignoring file as matched an ignore pattern: RT_Gad2_3_trimmed_fastqc.html
[2020-10-01 11:23:54,677] multiqc                                            [DEBUG  ]  Ignoring file as matched an ignore pattern: S1_Gad2_1_trimmed_fastqc.html
[2020-10-01 11:23:54,677] multiqc                                            [DEBUG  ]  Ignoring file as matched an ignore pattern: S1_Gad2_3_trimmed_fastqc.html
[2020-10-01 11:23:54,677] multiqc                                            [DEBUG  ]  Ignoring file as matched an ignore pattern: S1_Gad2_2_trimmed_fastqc.html
[2020-10-01 11:23:59,703] multiqc.plots.bargraph                             [DEBUG  ]  Using matplotlib version 3.1.1
[2020-10-01 11:23:59,718] multiqc.plots.linegraph                            [DEBUG  ]  Using matplotlib version 3.1.1
[2020-10-01 11:23:59,756] multiqc.modules.slamdunk.slamdunk                  [DEBUG  ]  Found 11 summary reports
[2020-10-01 11:23:59,758] multiqc.modules.slamdunk.slamdunk                  [DEBUG  ]  Found 11 PCA plots
[2020-10-01 11:24:02,538] multiqc.modules.slamdunk.slamdunk                  [DEBUG  ]  Found 11 UTR rate reports
[2020-10-01 11:24:07,432] multiqc.modules.slamdunk.slamdunk                  [DEBUG  ]  Found 11 read rate reports
[2020-10-01 11:24:17,689] multiqc.modules.slamdunk.slamdunk                  [DEBUG  ]  Found 11 TCP error read rate reports
[2020-10-01 11:24:27,637] multiqc.modules.slamdunk.slamdunk                  [DEBUG  ]  Found 11 non TCP error read rate reports
[2020-10-01 11:24:27,637] multiqc.modules.slamdunk.slamdunk                  [INFO   ]  Found 11 reports
[2020-10-01 11:24:27,694] multiqc.modules.cutadapt.cutadapt                  [INFO   ]  Found 11 reports
[2020-10-01 11:24:32,766] multiqc.modules.fastqc.fastqc                      [INFO   ]  Found 11 reports
[2020-10-01 11:24:50,375] multiqc                                            [DEBUG  ]  Reordering sections: anchor 'software_versions' not found.
[2020-10-01 11:24:50,375] multiqc                                            [DEBUG  ]  Reordering sections: anchor 'nf-core-slamseq-summary' not found.
[2020-10-01 11:24:50,375] multiqc                                            [DEBUG  ]  Reordering sections: anchor 'software_versions' not found for module 'Slamdunk'.
[2020-10-01 11:24:50,375] multiqc                                            [DEBUG  ]  Reordering sections: anchor 'nf-core-slamseq-summary' not found for module 'Slamdunk'.
[2020-10-01 11:24:50,375] multiqc                                            [DEBUG  ]  Reordering sections: anchor 'software_versions' not found for module 'Cutadapt'.
[2020-10-01 11:24:50,375] multiqc                                            [DEBUG  ]  Reordering sections: anchor 'nf-core-slamseq-summary' not found for module 'Cutadapt'.
[2020-10-01 11:24:50,375] multiqc                                            [DEBUG  ]  Reordering sections: anchor 'software_versions' not found for module 'FastQC'.
[2020-10-01 11:24:50,375] multiqc                                            [DEBUG  ]  Reordering sections: anchor 'nf-core-slamseq-summary' not found for module 'FastQC'.
[2020-10-01 11:24:50,420] multiqc                                            [INFO   ]  Compressing plot data
[2020-10-01 11:24:51,956] multiqc                                            [INFO   ]  Report      : multiqc_report.html
[2020-10-01 11:24:51,956] multiqc                                            [INFO   ]  Data        : multiqc_data
[2020-10-01 11:24:51,956] multiqc                                            [DEBUG  ]  Moving data file from '/scratch/tmp5bsgiz4t/multiqc_data/mqc_fastqc_per_sequence_gc_content_plot_Percentages.txt' to '/crex/proj/snic2020-16-60/private/Jake/work/08/13b73d9d7031fef57b28cf9acd3392/multiqc_data'
[2020-10-01 11:24:51,959] multiqc                                            [DEBUG  ]  Moving data file from '/scratch/tmp5bsgiz4t/multiqc_data/multiqc_sources.txt' to '/crex/proj/snic2020-16-60/private/Jake/work/08/13b73d9d7031fef57b28cf9acd3392/multiqc_data'
[2020-10-01 11:24:51,962] multiqc                                            [DEBUG  ]  Moving data file from '/scratch/tmp5bsgiz4t/multiqc_data/mqc_slamdunk_slamdunk_tcperutrpos_plot_UTRs_on_minus_strand.txt' to '/crex/proj/snic2020-16-60/private/Jake/work/08/13b73d9d7031fef57b28cf9acd3392/multiqc_data'
[2020-10-01 11:24:51,964] multiqc                                            [DEBUG  ]  Moving data file from '/scratch/tmp5bsgiz4t/multiqc_data/mqc_slamdunk_tcperreadpos_plot_Forward_reads_.txt' to '/crex/proj/snic2020-16-60/private/Jake/work/08/13b73d9d7031fef57b28cf9acd3392/multiqc_data'
[2020-10-01 11:24:51,967] multiqc                                            [DEBUG  ]  Moving data file from '/scratch/tmp5bsgiz4t/multiqc_data/multiqc_slamdunk_readrates_minus.txt' to '/crex/proj/snic2020-16-60/private/Jake/work/08/13b73d9d7031fef57b28cf9acd3392/multiqc_data'
[2020-10-01 11:24:51,969] multiqc                                            [DEBUG  ]  Moving data file from '/scratch/tmp5bsgiz4t/multiqc_data/multiqc_slamdunk_nontcperreadpos_plus.txt' to '/crex/proj/snic2020-16-60/private/Jake/work/08/13b73d9d7031fef57b28cf9acd3392/multiqc_data'
[2020-10-01 11:24:51,972] multiqc                                            [DEBUG  ]  Moving data file from '/scratch/tmp5bsgiz4t/multiqc_data/multiqc_slamdunk_tcperutrpos_minus.txt' to '/crex/proj/snic2020-16-60/private/Jake/work/08/13b73d9d7031fef57b28cf9acd3392/multiqc_data'
[2020-10-01 11:24:51,975] multiqc                                            [DEBUG  ]  Moving data file from '/scratch/tmp5bsgiz4t/multiqc_data/mqc_fastqc_sequence_duplication_levels_plot_1.txt' to '/crex/proj/snic2020-16-60/private/Jake/work/08/13b73d9d7031fef57b28cf9acd3392/multiqc_data'
[2020-10-01 11:24:51,977] multiqc                                            [DEBUG  ]  Moving data file from '/scratch/tmp5bsgiz4t/multiqc_data/mqc_cutadapt_plot_Counts.txt' to '/crex/proj/snic2020-16-60/private/Jake/work/08/13b73d9d7031fef57b28cf9acd3392/multiqc_data'
[2020-10-01 11:24:51,979] multiqc                                            [DEBUG  ]  Moving data file from '/scratch/tmp5bsgiz4t/multiqc_data/mqc_slamdunk_nontcperreadpos_plot_Forward_reads_.txt' to '/crex/proj/snic2020-16-60/private/Jake/work/08/13b73d9d7031fef57b28cf9acd3392/multiqc_data'
[2020-10-01 11:24:51,982] multiqc                                            [DEBUG  ]  Moving data file from '/scratch/tmp5bsgiz4t/multiqc_data/mqc_slamdunk_slamdunk_tcperutrpos_plot_UTRs_on_plus_strand.txt' to '/crex/proj/snic2020-16-60/private/Jake/work/08/13b73d9d7031fef57b28cf9acd3392/multiqc_data'
[2020-10-01 11:24:51,985] multiqc                                            [DEBUG  ]  Moving data file from '/scratch/tmp5bsgiz4t/multiqc_data/multiqc_cutadapt.txt' to '/crex/proj/snic2020-16-60/private/Jake/work/08/13b73d9d7031fef57b28cf9acd3392/multiqc_data'
[2020-10-01 11:24:51,988] multiqc                                            [DEBUG  ]  Moving data file from '/scratch/tmp5bsgiz4t/multiqc_data/mqc_cutadapt_plot_Obs_Exp.txt' to '/crex/proj/snic2020-16-60/private/Jake/work/08/13b73d9d7031fef57b28cf9acd3392/multiqc_data'
[2020-10-01 11:24:51,991] multiqc                                            [DEBUG  ]  Moving data file from '/scratch/tmp5bsgiz4t/multiqc_data/mqc_fastqc_per_base_n_content_plot_1.txt' to '/crex/proj/snic2020-16-60/private/Jake/work/08/13b73d9d7031fef57b28cf9acd3392/multiqc_data'
[2020-10-01 11:24:51,993] multiqc                                            [DEBUG  ]  Moving data file from '/scratch/tmp5bsgiz4t/multiqc_data/mqc_slamdunk_tcperreadpos_plot_Reverse_reads_-.txt' to '/crex/proj/snic2020-16-60/private/Jake/work/08/13b73d9d7031fef57b28cf9acd3392/multiqc_data'
[2020-10-01 11:24:51,996] multiqc                                            [DEBUG  ]  Moving data file from '/scratch/tmp5bsgiz4t/multiqc_data/multiqc_slamdunk_readrates_plus.txt' to '/crex/proj/snic2020-16-60/private/Jake/work/08/13b73d9d7031fef57b28cf9acd3392/multiqc_data'
[2020-10-01 11:24:51,998] multiqc                                            [DEBUG  ]  Moving data file from '/scratch/tmp5bsgiz4t/multiqc_data/multiqc_slamdunk_tcperreadpos_minus.txt' to '/crex/proj/snic2020-16-60/private/Jake/work/08/13b73d9d7031fef57b28cf9acd3392/multiqc_data'
[2020-10-01 11:24:52,001] multiqc                                            [DEBUG  ]  Moving data file from '/scratch/tmp5bsgiz4t/multiqc_data/multiqc_slamdunk_nontcperreadpos_minus.txt' to '/crex/proj/snic2020-16-60/private/Jake/work/08/13b73d9d7031fef57b28cf9acd3392/multiqc_data'
[2020-10-01 11:24:52,003] multiqc                                            [DEBUG  ]  Moving data file from '/scratch/tmp5bsgiz4t/multiqc_data/multiqc_slamdunk_tcperreadpos_plus.txt' to '/crex/proj/snic2020-16-60/private/Jake/work/08/13b73d9d7031fef57b28cf9acd3392/multiqc_data'
[2020-10-01 11:24:52,020] multiqc                                            [DEBUG  ]  Moving data file from '/scratch/tmp5bsgiz4t/multiqc_data/mqc_overallratesplot_Plus_Strand_.txt' to '/crex/proj/snic2020-16-60/private/Jake/work/08/13b73d9d7031fef57b28cf9acd3392/multiqc_data'
[2020-10-01 11:24:52,024] multiqc                                            [DEBUG  ]  Moving data file from '/scratch/tmp5bsgiz4t/multiqc_data/mqc_overallratesplot_Minus_Strand_-.txt' to '/crex/proj/snic2020-16-60/private/Jake/work/08/13b73d9d7031fef57b28cf9acd3392/multiqc_data'
[2020-10-01 11:24:52,027] multiqc                                            [DEBUG  ]  Moving data file from '/scratch/tmp5bsgiz4t/multiqc_data/multiqc_fastqc.txt' to '/crex/proj/snic2020-16-60/private/Jake/work/08/13b73d9d7031fef57b28cf9acd3392/multiqc_data'
[2020-10-01 11:24:52,030] multiqc                                            [DEBUG  ]  Moving data file from '/scratch/tmp5bsgiz4t/multiqc_data/multiqc_slamdunk_tcperutrpos_plus.txt' to '/crex/proj/snic2020-16-60/private/Jake/work/08/13b73d9d7031fef57b28cf9acd3392/multiqc_data'
[2020-10-01 11:24:52,039] multiqc                                            [DEBUG  ]  Moving data file from '/scratch/tmp5bsgiz4t/multiqc_data/multiqc_data.json' to '/crex/proj/snic2020-16-60/private/Jake/work/08/13b73d9d7031fef57b28cf9acd3392/multiqc_data'
[2020-10-01 11:24:52,051] multiqc                                            [DEBUG  ]  Moving data file from '/scratch/tmp5bsgiz4t/multiqc_data/multiqc_slamdunk_nontcperutrpos_plus.txt' to '/crex/proj/snic2020-16-60/private/Jake/work/08/13b73d9d7031fef57b28cf9acd3392/multiqc_data'
[2020-10-01 11:24:52,054] multiqc                                            [DEBUG  ]  Moving data file from '/scratch/tmp5bsgiz4t/multiqc_data/mqc_slamdunk_nontcperreadpos_plot_Reverse_reads_-.txt' to '/crex/proj/snic2020-16-60/private/Jake/work/08/13b73d9d7031fef57b28cf9acd3392/multiqc_data'
[2020-10-01 11:24:52,056] multiqc                                            [DEBUG  ]  Moving data file from '/scratch/tmp5bsgiz4t/multiqc_data/mqc_fastqc_per_sequence_gc_content_plot_Counts.txt' to '/crex/proj/snic2020-16-60/private/Jake/work/08/13b73d9d7031fef57b28cf9acd3392/multiqc_data'
[2020-10-01 11:24:52,058] multiqc                                            [DEBUG  ]  Moving data file from '/scratch/tmp5bsgiz4t/multiqc_data/mqc_fastqc_per_sequence_quality_scores_plot_1.txt' to '/crex/proj/snic2020-16-60/private/Jake/work/08/13b73d9d7031fef57b28cf9acd3392/multiqc_data'
[2020-10-01 11:24:52,061] multiqc                                            [DEBUG  ]  Moving data file from '/scratch/tmp5bsgiz4t/multiqc_data/mqc_slamdunk_slamdunk_nontcperutrpos_plot_UTRs_on_minus_strand.txt' to '/crex/proj/snic2020-16-60/private/Jake/work/08/13b73d9d7031fef57b28cf9acd3392/multiqc_data'
[2020-10-01 11:24:52,063] multiqc                                            [DEBUG  ]  Moving data file from '/scratch/tmp5bsgiz4t/multiqc_data/mqc_slamdunk_slamdunk_nontcperutrpos_plot_UTRs_on_plus_strand.txt' to '/crex/proj/snic2020-16-60/private/Jake/work/08/13b73d9d7031fef57b28cf9acd3392/multiqc_data'
[2020-10-01 11:24:52,066] multiqc                                            [DEBUG  ]  Moving data file from '/scratch/tmp5bsgiz4t/multiqc_data/multiqc_general_stats.txt' to '/crex/proj/snic2020-16-60/private/Jake/work/08/13b73d9d7031fef57b28cf9acd3392/multiqc_data'
[2020-10-01 11:24:52,068] multiqc                                            [DEBUG  ]  Moving data file from '/scratch/tmp5bsgiz4t/multiqc_data/multiqc_slamdunk_nontcperutrpos_minus.txt' to '/crex/proj/snic2020-16-60/private/Jake/work/08/13b73d9d7031fef57b28cf9acd3392/multiqc_data'
[2020-10-01 11:24:52,071] multiqc                                            [DEBUG  ]  Moving data file from '/scratch/tmp5bsgiz4t/multiqc_data/mqc_slamdunk_utrratesplot_1.txt' to '/crex/proj/snic2020-16-60/private/Jake/work/08/13b73d9d7031fef57b28cf9acd3392/multiqc_data'
[2020-10-01 11:24:52,073] multiqc                                            [DEBUG  ]  Moving data file from '/scratch/tmp5bsgiz4t/multiqc_data/multiqc_slamdunk_utrrates.txt' to '/crex/proj/snic2020-16-60/private/Jake/work/08/13b73d9d7031fef57b28cf9acd3392/multiqc_data'
[2020-10-01 11:24:52,076] multiqc                                            [DEBUG  ]  Moving data file from '/scratch/tmp5bsgiz4t/multiqc_data/mqc_fastqc_sequence_length_distribution_plot_1.txt' to '/crex/proj/snic2020-16-60/private/Jake/work/08/13b73d9d7031fef57b28cf9acd3392/multiqc_data'
[2020-10-01 11:24:52,078] multiqc                                            [DEBUG  ]  Moving data file from '/scratch/tmp5bsgiz4t/multiqc_data/mqc_fastqc_per_base_sequence_quality_plot_1.txt' to '/crex/proj/snic2020-16-60/private/Jake/work/08/13b73d9d7031fef57b28cf9acd3392/multiqc_data'
[2020-10-01 11:24:52,081] multiqc                                            [DEBUG  ]  Moving data file from '/scratch/tmp5bsgiz4t/multiqc_data/mqc_fastqc_sequence_counts_plot_1.txt' to '/crex/proj/snic2020-16-60/private/Jake/work/08/13b73d9d7031fef57b28cf9acd3392/multiqc_data'
[2020-10-01 11:24:52,084] multiqc                                            [INFO   ]  Plots       : multiqc_plots
[2020-10-01 11:24:52,084] multiqc                                            [DEBUG  ]  Moving plots directory from '/scratch/tmp5bsgiz4t/multiqc_plots/png' to '/crex/proj/snic2020-16-60/private/Jake/work/08/13b73d9d7031fef57b28cf9acd3392/multiqc_plots'
[2020-10-01 11:24:52,172] multiqc                                            [DEBUG  ]  Moving plots directory from '/scratch/tmp5bsgiz4t/multiqc_plots/svg' to '/crex/proj/snic2020-16-60/private/Jake/work/08/13b73d9d7031fef57b28cf9acd3392/multiqc_plots'
[2020-10-01 11:24:52,245] multiqc                                            [DEBUG  ]  Moving plots directory from '/scratch/tmp5bsgiz4t/multiqc_plots/pdf' to '/crex/proj/snic2020-16-60/private/Jake/work/08/13b73d9d7031fef57b28cf9acd3392/multiqc_plots'
[2020-10-01 11:24:52,664] multiqc                                            [INFO   ]  MultiQC complete
