[2020-12-03 09:49:54,779] multiqc                                            [DEBUG  ]  No MultiQC config found: /usr/local/lib/python3.8/dist-packages/multiqc_config.yaml
[2020-12-03 09:49:54,780] multiqc                                            [DEBUG  ]  No MultiQC config found: /home/jake/.multiqc_config.yaml
[2020-12-03 09:49:54,782] multiqc                                            [DEBUG  ]  Loading config settings from: multiqc_config.yaml
[2020-12-03 09:49:54,782] multiqc                                            [DEBUG  ]  New config 'report_comment': This report has been generated by the <a href="https://github.com/nf-core/slamseq" target="_blank">nf-core/slamseq</a> analysis pipeline. For information about how to interpret these results, please see the <a href="https://github.com/nf-core/slamseq" target="_blank">documentation</a>.

[2020-12-03 09:49:54,782] multiqc                                            [DEBUG  ]  New config 'report_section_order': {'software_versions': {'order': -1000}, 'nf-core-slamseq-summary': {'order': -1001}}
[2020-12-03 09:49:54,782] multiqc                                            [DEBUG  ]  New config 'export_plots': True
[2020-12-03 09:49:54,782] multiqc                                            [DEBUG  ]  Command used: /home/jake/.local/bin/multiqc -m fastqc -m cutadapt -m slamdunk -f .
[2020-12-03 09:49:55,233] multiqc                                            [DEBUG  ]  Latest MultiQC version is v1.9
[2020-12-03 09:49:55,233] multiqc                                            [INFO   ]  This is MultiQC v1.9
[2020-12-03 09:49:55,233] multiqc                                            [DEBUG  ]  Command     : /home/jake/.local/bin/multiqc -m fastqc -m cutadapt -m slamdunk -f .
[2020-12-03 09:49:55,233] multiqc                                            [DEBUG  ]  Working dir : /mnt/s/Bachelors_data/work/70/247075411b1ec4c9c41a937d901cf6
[2020-12-03 09:49:55,233] multiqc                                            [INFO   ]  Template    : default
[2020-12-03 09:49:55,233] multiqc                                            [DEBUG  ]  Running Python 3.8.5 (default, Jul 28 2020, 12:59:40)  [GCC 9.3.0]
[2020-12-03 09:49:55,233] multiqc                                            [INFO   ]  Searching   : /mnt/s/Bachelors_data/work/70/247075411b1ec4c9c41a937d901cf6
[2020-12-03 09:49:55,234] multiqc                                            [INFO   ]  Only using modules fastqc, cutadapt, slamdunk
[2020-12-03 09:49:55,234] multiqc                                            [DEBUG  ]  Analysing modules: slamdunk, cutadapt, fastqc
[2020-12-03 09:49:55,234] multiqc                                            [DEBUG  ]  Using temporary directory for creating report: /tmp/tmpfjsxj7v_
[2020-12-03 09:49:55,272] multiqc                                            [DEBUG  ]  Ignored 224 search patterns as didn't match running modules.
[2020-12-03 09:49:57,737] multiqc.plots.bargraph                             [DEBUG  ]  Using matplotlib version 3.3.1
[2020-12-03 09:49:57,737] multiqc.plots.linegraph                            [DEBUG  ]  Using matplotlib version 3.3.1
[2020-12-03 09:49:57,755] multiqc.modules.slamdunk.slamdunk                  [DEBUG  ]  Found 11 summary reports
[2020-12-03 09:49:57,760] multiqc.modules.slamdunk.slamdunk                  [DEBUG  ]  Found 11 PCA plots
[2020-12-03 09:49:58,791] multiqc.modules.slamdunk.slamdunk                  [DEBUG  ]  Found 11 UTR rate reports
[2020-12-03 09:50:00,705] multiqc.modules.slamdunk.slamdunk                  [DEBUG  ]  Found 11 read rate reports
[2020-12-03 09:50:04,232] multiqc.modules.slamdunk.slamdunk                  [DEBUG  ]  Found 11 TCP error read rate reports
[2020-12-03 09:50:07,798] multiqc.modules.slamdunk.slamdunk                  [DEBUG  ]  Found 11 non TCP error read rate reports
[2020-12-03 09:50:07,798] multiqc.modules.slamdunk.slamdunk                  [INFO   ]  Found 11 reports
[2020-12-03 09:50:07,859] multiqc.modules.cutadapt.cutadapt                  [INFO   ]  Found 11 reports
[2020-12-03 09:50:10,812] multiqc.modules.fastqc.fastqc                      [INFO   ]  Found 11 reports
[2020-12-03 09:50:18,035] multiqc                                            [DEBUG  ]  Reordering sections: anchor 'software_versions' not found.
[2020-12-03 09:50:18,035] multiqc                                            [DEBUG  ]  Reordering sections: anchor 'nf-core-slamseq-summary' not found.
[2020-12-03 09:50:18,035] multiqc                                            [DEBUG  ]  Reordering sections: anchor 'software_versions' not found for module 'Slamdunk'.
[2020-12-03 09:50:18,035] multiqc                                            [DEBUG  ]  Reordering sections: anchor 'nf-core-slamseq-summary' not found for module 'Slamdunk'.
[2020-12-03 09:50:18,035] multiqc                                            [DEBUG  ]  Reordering sections: anchor 'software_versions' not found for module 'Cutadapt'.
[2020-12-03 09:50:18,035] multiqc                                            [DEBUG  ]  Reordering sections: anchor 'nf-core-slamseq-summary' not found for module 'Cutadapt'.
[2020-12-03 09:50:18,035] multiqc                                            [DEBUG  ]  Reordering sections: anchor 'software_versions' not found for module 'FastQC'.
[2020-12-03 09:50:18,035] multiqc                                            [DEBUG  ]  Reordering sections: anchor 'nf-core-slamseq-summary' not found for module 'FastQC'.
[2020-12-03 09:50:18,058] multiqc                                            [INFO   ]  Compressing plot data
[2020-12-03 09:50:18,868] multiqc                                            [INFO   ]  Report      : multiqc_report.html
[2020-12-03 09:50:18,868] multiqc                                            [INFO   ]  Data        : multiqc_data
[2020-12-03 09:50:18,868] multiqc                                            [DEBUG  ]  Moving data file from '/tmp/tmpfjsxj7v_/multiqc_data' to '/mnt/s/Bachelors_data/work/70/247075411b1ec4c9c41a937d901cf6/multiqc_data'
[2020-12-03 09:50:19,403] multiqc                                            [INFO   ]  Plots       : multiqc_plots
[2020-12-03 09:50:19,403] multiqc                                            [DEBUG  ]  Moving plots directory from '/tmp/tmpfjsxj7v_/multiqc_plots' to '/mnt/s/Bachelors_data/work/70/247075411b1ec4c9c41a937d901cf6/multiqc_plots'
[2020-12-03 09:50:20,801] multiqc                                            [INFO   ]  MultiQC complete
